*** Using Compiler 'V5.06 update 7 (build 960)', folder: 'C:\Keil_v5\ARM\ARMCC\Bin'
Rebuild target 'stm32f103c8t6'
assembling startup_stm32f103xb.s...
compiling stm32f1xx_hal.c...
compiling stm32f1xx_hal_cortex.c...
compiling gpio.c...
compiling stm32f1xx_hal_gpio.c...
compiling stm32f1xx_hal_rcc.c...
compiling usart.c...
compiling stm32f1xx_it.c...
compiling stm32f1xx_hal_tim.c...
compiling bsp_rtt.c...
compiling stm32f1xx_hal_dma.c...
compiling SEGGER_RTT_printf.c...
compiling SEGGER_RTT.c...
compiling stm32f1xx_hal_gpio_ex.c...
compiling stm32f1xx_hal_msp.c...
compiling stm32f1xx_hal_pwr.c...
compiling main.c...
compiling stm32f1xx_hal_tim_ex.c...
compiling stm32f1xx_hal_uart.c...
compiling stm32f1xx_hal_rcc_ex.c...
compiling stm32f1xx_hal_flash_ex.c...
compiling shell_companion.c...
compiling shell_cmd_list.c...
compiling stm32f1xx_hal_exti.c...
compiling shell_ext.c...
compiling stm32f1xx_hal_flash.c...
compiling shell.c...
compiling system_stm32f1xx.c...
compiling bsp_shell.c...
linking...
Program Size: Code=15264 RO-data=1644 RW-data=108 ZI-data=2964  
FromELF: creating hex file...
After Build - User command #1: fromelf.exe --bin -o "stm32f103c8t6.bin" "stm32f103c8t6\stm32f103c8t6.axf"
After Build - User command #2: E:\letter-shell\demo_Letter_shell\stm32f103c8t6_v3.2.0\MDK-ARM\Keil5_disp_size_bar_v0.3.exe
[Keil5_disp_size_bar V0.3]: start find map file

[Keil5_disp_size_bar V0.3]: Found:e:\letter-shell\demo_Letter_shell\stm32f103c8t6_v3.2.0\MDK-ARM\stm32f103c8t6\stm32f103c8t6.map

[Keil5_disp_size_bar V0.3]: found end

ram:
   20 KB   ram1:|¡ö¡ö¡ö_________________| 15.00 % (    3.00 KB /    20.00 KB) [17408 B]
flash:
   64 KB flash1:|¡ö¡ö¡ö¡ö¡ö_______________| 25.80 % (   16.51 KB /    64.00 KB) [48628 B]

"stm32f103c8t6\stm32f103c8t6.axf" - 0 Error(s), 0 Warning(s).
Build Time Elapsed:  00:00:04
